<?xml version="1.0" encoding="UTF-8"?>
<testsuite xmlns:xsi="http://www.w3.org/2001/XMLSchema-instance" xsi:noNamespaceSchemaLocation="https://maven.apache.org/surefire/maven-surefire-plugin/xsd/surefire-test-report.xsd" name="fr.umfds.TER.AppTest" time="0.047" tests="5" errors="0" skipped="0" failures="0">
  <properties>
[...]
</properties>
  <testcase name="testTeacher" classname="fr.umfds.TER.AppTest" time="0.001"/>
  <testcase name="testGroup" classname="fr.umfds.TER.AppTest" time="0"/>
  <testcase name="testMain" classname="fr.umfds.TER.AppTest" time="0"/>
  <testcase name="testStudent" classname="fr.umfds.TER.AppTest" time="0.001"/>
  <testcase name="testSubject" classname="fr.umfds.TER.AppTest" time="0"/>
</testsuite>